<?xml version="1.0" encoding="UTF-8"?>
<coverage generated="1770865136470" clover="3.2.0">
  <project timestamp="1770865136470" name="All files">
    <metrics statements="57" coveredstatements="56" conditionals="60" coveredconditionals="58" methods="16" coveredmethods="16" elements="133" coveredelements="130" complexity="0" loc="57" ncloc="57" packages="5" files="9" classes="9"/>
    <package name="components">
      <metrics statements="20" coveredstatements="19" conditionals="34" coveredconditionals="33" methods="9" coveredmethods="9"/>
      <file name="AddressForm.tsx" path="/Users/thom.strub/code2/representApp/frontend/src/components/AddressForm.tsx">
        <metrics statements="3" coveredstatements="3" conditionals="1" coveredconditionals="1" methods="1" coveredmethods="1"/>
        <line num="12" count="2" type="cond" truecount="1" falsecount="0"/>
        <line num="17" count="38" type="stmt"/>
        <line num="22" count="38" type="stmt"/>
      </file>
      <file name="LoadingIndicator.tsx" path="/Users/thom.strub/code2/representApp/frontend/src/components/LoadingIndicator.tsx">
        <metrics statements="2" coveredstatements="2" conditionals="0" coveredconditionals="0" methods="1" coveredmethods="1"/>
        <line num="3" count="1" type="stmt"/>
        <line num="4" count="1" type="stmt"/>
      </file>
      <file name="RepresentativeCard.tsx" path="/Users/thom.strub/code2/representApp/frontend/src/components/RepresentativeCard.tsx">
        <metrics statements="7" coveredstatements="6" conditionals="16" coveredconditionals="15" methods="2" coveredmethods="2"/>
        <line num="18" count="3" type="stmt"/>
        <line num="19" count="24" type="stmt"/>
        <line num="20" count="18" type="stmt"/>
        <line num="21" count="18" type="cond" truecount="1" falsecount="1"/>
        <line num="22" count="18" type="stmt"/>
        <line num="24" count="0" type="stmt"/>
        <line num="27" count="24" type="stmt"/>
      </file>
      <file name="ResultsDisplay.tsx" path="/Users/thom.strub/code2/representApp/frontend/src/components/ResultsDisplay.tsx">
        <metrics statements="8" coveredstatements="8" conditionals="17" coveredconditionals="17" methods="5" coveredmethods="5"/>
        <line num="9" count="2" type="stmt"/>
        <line num="10" count="10" type="stmt"/>
        <line num="11" count="10" type="stmt"/>
        <line num="13" count="10" type="stmt"/>
        <line num="35" count="2" type="stmt"/>
        <line num="62" count="8" type="stmt"/>
        <line num="78" count="7" type="stmt"/>
        <line num="94" count="1" type="stmt"/>
      </file>
    </package>
    <package name="hooks">
      <metrics statements="20" coveredstatements="20" conditionals="6" coveredconditionals="5" methods="3" coveredmethods="3"/>
      <file name="useRepresentatives.ts" path="/Users/thom.strub/code2/representApp/frontend/src/hooks/useRepresentatives.ts">
        <metrics statements="20" coveredstatements="20" conditionals="6" coveredconditionals="5" methods="3" coveredmethods="3"/>
        <line num="6" count="2" type="stmt"/>
        <line num="8" count="2" type="stmt"/>
        <line num="9" count="33" type="stmt"/>
        <line num="11" count="33" type="stmt"/>
        <line num="12" count="15" type="stmt"/>
        <line num="14" count="15" type="stmt"/>
        <line num="15" count="15" type="stmt"/>
        <line num="16" count="15" type="stmt"/>
        <line num="18" count="14" type="cond" truecount="2" falsecount="0"/>
        <line num="19" count="3" type="stmt"/>
        <line num="20" count="3" type="stmt"/>
        <line num="23" count="11" type="stmt"/>
        <line num="26" count="11" type="cond" truecount="2" falsecount="0"/>
        <line num="27" count="1" type="stmt"/>
        <line num="31" count="11" type="stmt"/>
        <line num="36" count="4" type="cond" truecount="1" falsecount="1"/>
        <line num="39" count="4" type="stmt"/>
        <line num="43" count="33" type="stmt"/>
        <line num="44" count="1" type="stmt"/>
        <line num="47" count="33" type="stmt"/>
      </file>
    </package>
    <package name="pages">
      <metrics statements="5" coveredstatements="5" conditionals="6" coveredconditionals="6" methods="2" coveredmethods="2"/>
      <file name="HomePage.tsx" path="/Users/thom.strub/code2/representApp/frontend/src/pages/HomePage.tsx">
        <metrics statements="5" coveredstatements="5" conditionals="6" coveredconditionals="6" methods="2" coveredmethods="2"/>
        <line num="8" count="1" type="stmt"/>
        <line num="9" count="13" type="stmt"/>
        <line num="11" count="13" type="stmt"/>
        <line num="12" count="6" type="stmt"/>
        <line num="15" count="13" type="stmt"/>
      </file>
    </package>
    <package name="types">
      <metrics statements="3" coveredstatements="3" conditionals="7" coveredconditionals="7" methods="1" coveredmethods="1"/>
      <file name="api.ts" path="/Users/thom.strub/code2/representApp/frontend/src/types/api.ts">
        <metrics statements="2" coveredstatements="2" conditionals="7" coveredconditionals="7" methods="1" coveredmethods="1"/>
        <line num="54" count="1" type="stmt"/>
        <line num="55" count="2" type="stmt"/>
      </file>
      <file name="form.ts" path="/Users/thom.strub/code2/representApp/frontend/src/types/form.ts">
        <metrics statements="1" coveredstatements="1" conditionals="0" coveredconditionals="0" methods="0" coveredmethods="0"/>
        <line num="6" count="2" type="stmt"/>
      </file>
    </package>
    <package name="utils">
      <metrics statements="9" coveredstatements="9" conditionals="7" coveredconditionals="7" methods="1" coveredmethods="1"/>
      <file name="errors.ts" path="/Users/thom.strub/code2/representApp/frontend/src/utils/errors.ts">
        <metrics statements="9" coveredstatements="9" conditionals="7" coveredconditionals="7" methods="1" coveredmethods="1"/>
        <line num="9" count="3" type="stmt"/>
        <line num="14" count="10" type="cond" truecount="2" falsecount="0"/>
        <line num="15" count="5" type="stmt"/>
        <line num="19" count="5" type="cond" truecount="5" falsecount="0"/>
        <line num="21" count="1" type="stmt"/>
        <line num="23" count="1" type="stmt"/>
        <line num="25" count="1" type="stmt"/>
        <line num="27" count="1" type="stmt"/>
        <line num="29" count="1" type="stmt"/>
      </file>
    </package>
  </project>
</coverage>
