{"/Users/thom.strub/code2/representApp/frontend/src/components/AddressForm.tsx": {"path":"/Users/thom.strub/code2/representApp/frontend/src/components/AddressForm.tsx","statementMap":{"0":{"start":{"line":12,"column":27},"end":{"line":45,"column":null}},"1":{"start":{"line":17,"column":2},"end":{"line":20,"column":null}},"2":{"start":{"line":22,"column":2},"end":{"line":43,"column":null}}},"fnMap":{"0":{"name":"(anonymous_0)","decl":{"start":{"line":12,"column":27},"end":{"line":12,"column":28}},"loc":{"start":{"line":12,"column":81},"end":{"line":45,"column":null}},"line":12}},"branchMap":{"0":{"loc":{"start":{"line":12,"column":40},"end":{"line":12,"column":57}},"type":"default-arg","locations":[{"start":{"line":12,"column":51},"end":{"line":12,"column":57}}],"line":12}},"s":{"0":2,"1":38,"2":38},"f":{"0":38},"b":{"0":[38]},"meta":{"lastBranch":1,"lastFunction":1,"lastStatement":3,"seen":{"s:12:27:45:Infinity":0,"f:12:27:12:28":0,"b:12:51:12:57":0,"s:17:2:20:Infinity":1,"s:22:2:43:Infinity":2}}}
,"/Users/thom.strub/code2/representApp/frontend/src/components/LoadingIndicator.tsx": {"path":"/Users/thom.strub/code2/representApp/frontend/src/components/LoadingIndicator.tsx","statementMap":{"0":{"start":{"line":3,"column":32},"end":{"line":20,"column":null}},"1":{"start":{"line":4,"column":2},"end":{"line":18,"column":null}}},"fnMap":{"0":{"name":"(anonymous_0)","decl":{"start":{"line":3,"column":32},"end":{"line":3,"column":38}},"loc":{"start":{"line":3,"column":38},"end":{"line":20,"column":null}},"line":3}},"branchMap":{},"s":{"0":1,"1":1},"f":{"0":1},"b":{},"meta":{"lastBranch":0,"lastFunction":1,"lastStatement":2,"seen":{"s:3:32:20:Infinity":0,"f:3:32:3:38":0,"s:4:2:18:Infinity":1}}}
,"/Users/thom.strub/code2/representApp/frontend/src/components/RepresentativeCard.tsx": {"path":"/Users/thom.strub/code2/representApp/frontend/src/components/RepresentativeCard.tsx","statementMap":{"0":{"start":{"line":18,"column":34},"end":{"line":113,"column":null}},"1":{"start":{"line":19,"column":22},"end":{"line":25,"column":null}},"2":{"start":{"line":20,"column":18},"end":{"line":20,"column":null}},"3":{"start":{"line":21,"column":4},"end":{"line":23,"column":null}},"4":{"start":{"line":22,"column":6},"end":{"line":22,"column":null}},"5":{"start":{"line":24,"column":4},"end":{"line":24,"column":null}},"6":{"start":{"line":27,"column":2},"end":{"line":111,"column":null}}},"fnMap":{"0":{"name":"(anonymous_0)","decl":{"start":{"line":18,"column":34},"end":{"line":18,"column":35}},"loc":{"start":{"line":18,"column":83},"end":{"line":113,"column":null}},"line":18},"1":{"name":"(anonymous_1)","decl":{"start":{"line":19,"column":22},"end":{"line":19,"column":23}},"loc":{"start":{"line":19,"column":48},"end":{"line":25,"column":null}},"line":19}},"branchMap":{"0":{"loc":{"start":{"line":21,"column":4},"end":{"line":23,"column":null}},"type":"if","locations":[{"start":{"line":21,"column":4},"end":{"line":23,"column":null}},{"start":{},"end":{}}],"line":21},"1":{"loc":{"start":{"line":32,"column":17},"end":{"line":32,"column":null}},"type":"binary-expr","locations":[{"start":{"line":32,"column":17},"end":{"line":32,"column":45}},{"start":{"line":32,"column":45},"end":{"line":32,"column":null}}],"line":32},"2":{"loc":{"start":{"line":36,"column":13},"end":{"line":36,"column":null}},"type":"binary-expr","locations":[{"start":{"line":36,"column":13},"end":{"line":36,"column":42}},{"start":{"line":36,"column":42},"end":{"line":36,"column":null}}],"line":36},"3":{"loc":{"start":{"line":51,"column":9},"end":{"line":56,"column":null}},"type":"binary-expr","locations":[{"start":{"line":51,"column":9},"end":{"line":51,"column":null}},{"start":{"line":52,"column":10},"end":{"line":56,"column":null}}],"line":51},"4":{"loc":{"start":{"line":60,"column":11},"end":{"line":70,"column":null}},"type":"binary-expr","locations":[{"start":{"line":60,"column":11},"end":{"line":60,"column":null}},{"start":{"line":61,"column":12},"end":{"line":70,"column":null}}],"line":60},"5":{"loc":{"start":{"line":73,"column":11},"end":{"line":83,"column":null}},"type":"binary-expr","locations":[{"start":{"line":73,"column":11},"end":{"line":73,"column":null}},{"start":{"line":74,"column":12},"end":{"line":83,"column":null}}],"line":73},"6":{"loc":{"start":{"line":86,"column":11},"end":{"line":92,"column":null}},"type":"binary-expr","locations":[{"start":{"line":86,"column":11},"end":{"line":86,"column":null}},{"start":{"line":87,"column":12},"end":{"line":92,"column":null}}],"line":86},"7":{"loc":{"start":{"line":97,"column":7},"end":{"line":109,"column":null}},"type":"binary-expr","locations":[{"start":{"line":97,"column":7},"end":{"line":97,"column":null}},{"start":{"line":98,"column":8},"end":{"line":109,"column":null}}],"line":97}},"s":{"0":3,"1":24,"2":18,"3":18,"4":18,"5":0,"6":24},"f":{"0":24,"1":18},"b":{"0":[18,0],"1":[24,18],"2":[24,18],"3":[24,23],"4":[24,8],"5":[24,7],"6":[24,7],"7":[24,7]},"meta":{"lastBranch":8,"lastFunction":2,"lastStatement":7,"seen":{"s:18:34:113:Infinity":0,"f:18:34:18:35":0,"s:19:22:25:Infinity":1,"f:19:22:19:23":1,"s:20:18:20:Infinity":2,"b:21:4:23:Infinity:undefined:undefined:undefined:undefined":0,"s:21:4:23:Infinity":3,"s:22:6:22:Infinity":4,"s:24:4:24:Infinity":5,"s:27:2:111:Infinity":6,"b:32:17:32:45:32:45:32:Infinity":1,"b:36:13:36:42:36:42:36:Infinity":2,"b:51:9:51:Infinity:52:10:56:Infinity":3,"b:60:11:60:Infinity:61:12:70:Infinity":4,"b:73:11:73:Infinity:74:12:83:Infinity":5,"b:86:11:86:Infinity:87:12:92:Infinity":6,"b:97:7:97:Infinity:98:8:109:Infinity":7}}}
,"/Users/thom.strub/code2/representApp/frontend/src/components/ResultsDisplay.tsx": {"path":"/Users/thom.strub/code2/representApp/frontend/src/components/ResultsDisplay.tsx","statementMap":{"0":{"start":{"line":9,"column":30},"end":{"line":103,"column":null}},"1":{"start":{"line":10,"column":56},"end":{"line":10,"column":null}},"2":{"start":{"line":11,"column":32},"end":{"line":11,"column":null}},"3":{"start":{"line":13,"column":2},"end":{"line":101,"column":null}},"4":{"start":{"line":35,"column":12},"end":{"line":37,"column":null}},"5":{"start":{"line":62,"column":14},"end":{"line":64,"column":null}},"6":{"start":{"line":78,"column":14},"end":{"line":80,"column":null}},"7":{"start":{"line":94,"column":14},"end":{"line":96,"column":null}}},"fnMap":{"0":{"name":"(anonymous_0)","decl":{"start":{"line":9,"column":30},"end":{"line":9,"column":31}},"loc":{"start":{"line":9,"column":65},"end":{"line":103,"column":null}},"line":9},"1":{"name":"(anonymous_1)","decl":{"start":{"line":34,"column":24},"end":{"line":34,"column":25}},"loc":{"start":{"line":35,"column":12},"end":{"line":37,"column":null}},"line":35},"2":{"name":"(anonymous_2)","decl":{"start":{"line":61,"column":30},"end":{"line":61,"column":31}},"loc":{"start":{"line":62,"column":14},"end":{"line":64,"column":null}},"line":62},"3":{"name":"(anonymous_3)","decl":{"start":{"line":77,"column":28},"end":{"line":77,"column":29}},"loc":{"start":{"line":78,"column":14},"end":{"line":80,"column":null}},"line":78},"4":{"name":"(anonymous_4)","decl":{"start":{"line":93,"column":28},"end":{"line":93,"column":29}},"loc":{"start":{"line":94,"column":14},"end":{"line":96,"column":null}},"line":94}},"branchMap":{"0":{"loc":{"start":{"line":24,"column":54},"end":{"line":24,"column":null}},"type":"cond-expr","locations":[{"start":{"line":24,"column":83},"end":{"line":24,"column":89}},{"start":{"line":24,"column":89},"end":{"line":24,"column":null}}],"line":24},"1":{"loc":{"start":{"line":25,"column":11},"end":{"line":26,"column":null}},"type":"binary-expr","locations":[{"start":{"line":25,"column":11},"end":{"line":25,"column":null}},{"start":{"line":26,"column":12},"end":{"line":26,"column":null}}],"line":25},"2":{"loc":{"start":{"line":26,"column":76},"end":{"line":26,"column":126}},"type":"cond-expr","locations":[{"start":{"line":26,"column":118},"end":{"line":26,"column":124}},{"start":{"line":26,"column":124},"end":{"line":26,"column":126}}],"line":26},"3":{"loc":{"start":{"line":32,"column":7},"end":{"line":39,"column":null}},"type":"binary-expr","locations":[{"start":{"line":32,"column":7},"end":{"line":32,"column":19}},{"start":{"line":32,"column":19},"end":{"line":32,"column":null}},{"start":{"line":33,"column":8},"end":{"line":39,"column":null}}],"line":32},"4":{"loc":{"start":{"line":43,"column":7},"end":{"line":51,"column":null}},"type":"binary-expr","locations":[{"start":{"line":43,"column":7},"end":{"line":43,"column":null}},{"start":{"line":44,"column":8},"end":{"line":51,"column":null}}],"line":43},"5":{"loc":{"start":{"line":55,"column":7},"end":{"line":67,"column":null}},"type":"binary-expr","locations":[{"start":{"line":55,"column":7},"end":{"line":55,"column":null}},{"start":{"line":56,"column":8},"end":{"line":67,"column":null}}],"line":55},"6":{"loc":{"start":{"line":71,"column":7},"end":{"line":83,"column":null}},"type":"binary-expr","locations":[{"start":{"line":71,"column":7},"end":{"line":71,"column":null}},{"start":{"line":72,"column":8},"end":{"line":83,"column":null}}],"line":71},"7":{"loc":{"start":{"line":87,"column":7},"end":{"line":99,"column":null}},"type":"binary-expr","locations":[{"start":{"line":87,"column":7},"end":{"line":87,"column":null}},{"start":{"line":88,"column":8},"end":{"line":99,"column":null}}],"line":87}},"s":{"0":2,"1":10,"2":10,"3":10,"4":2,"5":8,"6":7,"7":1},"f":{"0":10,"1":2,"2":8,"3":7,"4":1},"b":{"0":[7,3],"1":[10,9],"2":[6,3],"3":[10,1,1],"4":[10,1],"5":[10,8],"6":[10,7],"7":[10,1]},"meta":{"lastBranch":8,"lastFunction":5,"lastStatement":8,"seen":{"s:9:30:103:Infinity":0,"f:9:30:9:31":0,"s:10:56:10:Infinity":1,"s:11:32:11:Infinity":2,"s:13:2:101:Infinity":3,"b:24:83:24:89:24:89:24:Infinity":0,"b:25:11:25:Infinity:26:12:26:Infinity":1,"b:26:118:26:124:26:124:26:126":2,"b:32:7:32:19:32:19:32:Infinity:33:8:39:Infinity":3,"f:34:24:34:25":1,"s:35:12:37:Infinity":4,"b:43:7:43:Infinity:44:8:51:Infinity":4,"b:55:7:55:Infinity:56:8:67:Infinity":5,"f:61:30:61:31":2,"s:62:14:64:Infinity":5,"b:71:7:71:Infinity:72:8:83:Infinity":6,"f:77:28:77:29":3,"s:78:14:80:Infinity":6,"b:87:7:87:Infinity:88:8:99:Infinity":7,"f:93:28:93:29":4,"s:94:14:96:Infinity":7}}}
,"/Users/thom.strub/code2/representApp/frontend/src/hooks/useRepresentatives.ts": {"path":"/Users/thom.strub/code2/representApp/frontend/src/hooks/useRepresentatives.ts","statementMap":{"0":{"start":{"line":6,"column":21},"end":{"line":6,"column":null}},"1":{"start":{"line":8,"column":34},"end":{"line":52,"column":null}},"2":{"start":{"line":9,"column":30},"end":{"line":9,"column":null}},"3":{"start":{"line":11,"column":25},"end":{"line":41,"column":null}},"4":{"start":{"line":12,"column":4},"end":{"line":12,"column":null}},"5":{"start":{"line":14,"column":4},"end":{"line":40,"column":null}},"6":{"start":{"line":15,"column":18},"end":{"line":15,"column":null}},"7":{"start":{"line":16,"column":23},"end":{"line":16,"column":null}},"8":{"start":{"line":18,"column":6},"end":{"line":21,"column":null}},"9":{"start":{"line":19,"column":44},"end":{"line":19,"column":null}},"10":{"start":{"line":20,"column":8},"end":{"line":20,"column":null}},"11":{"start":{"line":23,"column":46},"end":{"line":23,"column":null}},"12":{"start":{"line":26,"column":6},"end":{"line":28,"column":null}},"13":{"start":{"line":27,"column":8},"end":{"line":27,"column":null}},"14":{"start":{"line":31,"column":6},"end":{"line":34,"column":null}},"15":{"start":{"line":36,"column":22},"end":{"line":38,"column":null}},"16":{"start":{"line":39,"column":6},"end":{"line":39,"column":null}},"17":{"start":{"line":43,"column":23},"end":{"line":45,"column":null}},"18":{"start":{"line":44,"column":4},"end":{"line":44,"column":null}},"19":{"start":{"line":47,"column":2},"end":{"line":51,"column":null}}},"fnMap":{"0":{"name":"(anonymous_0)","decl":{"start":{"line":8,"column":34},"end":{"line":8,"column":40}},"loc":{"start":{"line":8,"column":40},"end":{"line":52,"column":null}},"line":8},"1":{"name":"(anonymous_1)","decl":{"start":{"line":11,"column":25},"end":{"line":11,"column":32}},"loc":{"start":{"line":11,"column":52},"end":{"line":41,"column":null}},"line":11},"2":{"name":"(anonymous_2)","decl":{"start":{"line":43,"column":23},"end":{"line":43,"column":29}},"loc":{"start":{"line":43,"column":29},"end":{"line":45,"column":null}},"line":43}},"branchMap":{"0":{"loc":{"start":{"line":18,"column":6},"end":{"line":21,"column":null}},"type":"if","locations":[{"start":{"line":18,"column":6},"end":{"line":21,"column":null}},{"start":{},"end":{}}],"line":18},"1":{"loc":{"start":{"line":26,"column":6},"end":{"line":28,"column":null}},"type":"if","locations":[{"start":{"line":26,"column":6},"end":{"line":28,"column":null}},{"start":{},"end":{}}],"line":26},"2":{"loc":{"start":{"line":36,"column":22},"end":{"line":38,"column":null}},"type":"cond-expr","locations":[{"start":{"line":37,"column":10},"end":{"line":37,"column":null}},{"start":{"line":38,"column":10},"end":{"line":38,"column":null}}],"line":36}},"s":{"0":2,"1":2,"2":33,"3":33,"4":15,"5":15,"6":15,"7":15,"8":14,"9":3,"10":3,"11":11,"12":11,"13":1,"14":11,"15":4,"16":4,"17":33,"18":1,"19":33},"f":{"0":33,"1":15,"2":1},"b":{"0":[3,11],"1":[1,10],"2":[4,0]},"meta":{"lastBranch":3,"lastFunction":3,"lastStatement":20,"seen":{"s:6:21:6:Infinity":0,"s:8:34:52:Infinity":1,"f:8:34:8:40":0,"s:9:30:9:Infinity":2,"s:11:25:41:Infinity":3,"f:11:25:11:32":1,"s:12:4:12:Infinity":4,"s:14:4:40:Infinity":5,"s:15:18:15:Infinity":6,"s:16:23:16:Infinity":7,"b:18:6:21:Infinity:undefined:undefined:undefined:undefined":0,"s:18:6:21:Infinity":8,"s:19:44:19:Infinity":9,"s:20:8:20:Infinity":10,"s:23:46:23:Infinity":11,"b:26:6:28:Infinity:undefined:undefined:undefined:undefined":1,"s:26:6:28:Infinity":12,"s:27:8:27:Infinity":13,"s:31:6:34:Infinity":14,"s:36:22:38:Infinity":15,"b:37:10:37:Infinity:38:10:38:Infinity":2,"s:39:6:39:Infinity":16,"s:43:23:45:Infinity":17,"f:43:23:43:29":2,"s:44:4:44:Infinity":18,"s:47:2:51:Infinity":19}}}
,"/Users/thom.strub/code2/representApp/frontend/src/pages/HomePage.tsx": {"path":"/Users/thom.strub/code2/representApp/frontend/src/pages/HomePage.tsx","statementMap":{"0":{"start":{"line":8,"column":24},"end":{"line":46,"column":null}},"1":{"start":{"line":9,"column":35},"end":{"line":9,"column":null}},"2":{"start":{"line":11,"column":23},"end":{"line":13,"column":null}},"3":{"start":{"line":12,"column":4},"end":{"line":12,"column":null}},"4":{"start":{"line":15,"column":2},"end":{"line":44,"column":null}}},"fnMap":{"0":{"name":"(anonymous_0)","decl":{"start":{"line":8,"column":24},"end":{"line":8,"column":30}},"loc":{"start":{"line":8,"column":30},"end":{"line":46,"column":null}},"line":8},"1":{"name":"(anonymous_1)","decl":{"start":{"line":11,"column":23},"end":{"line":11,"column":24}},"loc":{"start":{"line":11,"column":50},"end":{"line":13,"column":null}},"line":11}},"branchMap":{"0":{"loc":{"start":{"line":32,"column":9},"end":{"line":37,"column":null}},"type":"binary-expr","locations":[{"start":{"line":32,"column":9},"end":{"line":32,"column":null}},{"start":{"line":33,"column":10},"end":{"line":37,"column":null}}],"line":32},"1":{"loc":{"start":{"line":41,"column":7},"end":{"line":41,"column":null}},"type":"binary-expr","locations":[{"start":{"line":41,"column":7},"end":{"line":41,"column":40}},{"start":{"line":41,"column":40},"end":{"line":41,"column":null}}],"line":41},"2":{"loc":{"start":{"line":43,"column":7},"end":{"line":43,"column":null}},"type":"binary-expr","locations":[{"start":{"line":43,"column":7},"end":{"line":43,"column":40}},{"start":{"line":43,"column":40},"end":{"line":43,"column":null}}],"line":43}},"s":{"0":1,"1":13,"2":13,"3":6,"4":13},"f":{"0":13,"1":6},"b":{"0":[13,1],"1":[13,1],"2":[13,5]},"meta":{"lastBranch":3,"lastFunction":2,"lastStatement":5,"seen":{"s:8:24:46:Infinity":0,"f:8:24:8:30":0,"s:9:35:9:Infinity":1,"s:11:23:13:Infinity":2,"f:11:23:11:24":1,"s:12:4:12:Infinity":3,"s:15:2:44:Infinity":4,"b:32:9:32:Infinity:33:10:37:Infinity":0,"b:41:7:41:40:41:40:41:Infinity":1,"b:43:7:43:40:43:40:43:Infinity":2}}}
,"/Users/thom.strub/code2/representApp/frontend/src/types/api.ts": {"path":"/Users/thom.strub/code2/representApp/frontend/src/types/api.ts","statementMap":{"0":{"start":{"line":54,"column":34},"end":{"line":64,"column":null}},"1":{"start":{"line":55,"column":2},"end":{"line":62,"column":null}}},"fnMap":{"0":{"name":"(anonymous_0)","decl":{"start":{"line":54,"column":34},"end":{"line":54,"column":35}},"loc":{"start":{"line":54,"column":79},"end":{"line":64,"column":null}},"line":54}},"branchMap":{"0":{"loc":{"start":{"line":56,"column":4},"end":{"line":62,"column":null}},"type":"binary-expr","locations":[{"start":{"line":56,"column":4},"end":{"line":56,"column":null}},{"start":{"line":57,"column":4},"end":{"line":57,"column":null}},{"start":{"line":58,"column":4},"end":{"line":58,"column":null}},{"start":{"line":59,"column":4},"end":{"line":59,"column":null}},{"start":{"line":60,"column":5},"end":{"line":60,"column":null}},{"start":{"line":61,"column":4},"end":{"line":61,"column":null}},{"start":{"line":62,"column":4},"end":{"line":62,"column":null}}],"line":56}},"s":{"0":1,"1":2},"f":{"0":2},"b":{"0":[2,2,2,1,1,1,1]},"meta":{"lastBranch":1,"lastFunction":1,"lastStatement":2,"seen":{"s:54:34:64:Infinity":0,"f:54:34:54:35":0,"s:55:2:62:Infinity":1,"b:56:4:56:Infinity:57:4:57:Infinity:58:4:58:Infinity:59:4:59:Infinity:60:5:60:Infinity:61:4:61:Infinity:62:4:62:Infinity":0}}}
,"/Users/thom.strub/code2/representApp/frontend/src/types/form.ts": {"path":"/Users/thom.strub/code2/representApp/frontend/src/types/form.ts","statementMap":{"0":{"start":{"line":6,"column":29},"end":{"line":11,"column":null}}},"fnMap":{},"branchMap":{},"s":{"0":2},"f":{},"b":{},"meta":{"lastBranch":0,"lastFunction":0,"lastStatement":1,"seen":{"s:6:29:11:Infinity":0}}}
,"/Users/thom.strub/code2/representApp/frontend/src/utils/errors.ts": {"path":"/Users/thom.strub/code2/representApp/frontend/src/utils/errors.ts","statementMap":{"0":{"start":{"line":9,"column":31},"end":{"line":31,"column":null}},"1":{"start":{"line":14,"column":2},"end":{"line":16,"column":null}},"2":{"start":{"line":15,"column":4},"end":{"line":15,"column":null}},"3":{"start":{"line":19,"column":2},"end":{"line":30,"column":null}},"4":{"start":{"line":21,"column":6},"end":{"line":21,"column":null}},"5":{"start":{"line":23,"column":6},"end":{"line":23,"column":null}},"6":{"start":{"line":25,"column":6},"end":{"line":25,"column":null}},"7":{"start":{"line":27,"column":6},"end":{"line":27,"column":null}},"8":{"start":{"line":29,"column":6},"end":{"line":29,"column":null}}},"fnMap":{"0":{"name":"(anonymous_0)","decl":{"start":{"line":9,"column":31},"end":{"line":9,"column":null}},"loc":{"start":{"line":12,"column":13},"end":{"line":31,"column":null}},"line":12}},"branchMap":{"0":{"loc":{"start":{"line":14,"column":2},"end":{"line":16,"column":null}},"type":"if","locations":[{"start":{"line":14,"column":2},"end":{"line":16,"column":null}},{"start":{},"end":{}}],"line":14},"1":{"loc":{"start":{"line":19,"column":2},"end":{"line":30,"column":null}},"type":"switch","locations":[{"start":{"line":20,"column":4},"end":{"line":21,"column":null}},{"start":{"line":22,"column":4},"end":{"line":23,"column":null}},{"start":{"line":24,"column":4},"end":{"line":25,"column":null}},{"start":{"line":26,"column":4},"end":{"line":27,"column":null}},{"start":{"line":28,"column":4},"end":{"line":29,"column":null}}],"line":19}},"s":{"0":3,"1":10,"2":5,"3":5,"4":1,"5":1,"6":1,"7":1,"8":1},"f":{"0":10},"b":{"0":[5,5],"1":[5,1,1,1,1]},"meta":{"lastBranch":2,"lastFunction":1,"lastStatement":9,"seen":{"s:9:31:31:Infinity":0,"f:9:31:9:Infinity":0,"b:14:2:16:Infinity:undefined:undefined:undefined:undefined":0,"s:14:2:16:Infinity":1,"s:15:4:15:Infinity":2,"b:20:4:21:Infinity:22:4:23:Infinity:24:4:25:Infinity:26:4:27:Infinity:28:4:29:Infinity":1,"s:19:2:30:Infinity":3,"s:21:6:21:Infinity":4,"s:23:6:23:Infinity":5,"s:25:6:25:Infinity":6,"s:27:6:27:Infinity":7,"s:29:6:29:Infinity":8}}}
}
